Warning: Vehicle 'flow_ew.14' performs emergency braking on lane ':ts_7_0' with decel=9.00, wished=4.50, severity=1.00, time=4535.00.
Warning: Vehicle 'flow_ew.22' performs emergency braking on lane ':ts_7_0' with decel=9.00, wished=4.50, severity=1.00, time=6793.00.
Warning: Vehicle 'flow_sew.56' performs emergency braking on lane ':ts_0_0' with decel=9.00, wished=4.50, severity=1.00, time=8165.00.
Warning: Vehicle 'flow_ew.28' performs emergency braking on lane ':ts_7_0' with decel=9.00, wished=4.50, severity=1.00, time=8961.00.
Warning: Vehicle 'flow_see.154' performs emergency braking on lane ':ts_25_0' with decel=9.00, wished=4.50, severity=1.00, time=10887.00.
Warning: Teleporting vehicle 'flow_nsw.1522'; waited too long (yield), lane='n0_ts_2', time=13382.00.
Warning: Vehicle 'flow_nsw.1522' ends teleporting on edge 'ts_sw1', time=13382.00.
Warning: Teleporting vehicle 'flow_swn.957'; waited too long (yield), lane='sw0_ts_0', time=13388.00.
Warning: Vehicle 'flow_swn.957' ends teleporting on edge 'ts_n1', time=13388.00.
Warning: Teleporting vehicle 'flow_nsw.1523'; waited too long (yield), lane='n0_ts_2', time=13393.00.
Warning: Vehicle 'flow_nsw.1523' ends teleporting on edge 'ts_sw1', time=13393.00.
Warning: Teleporting vehicle 'flow_swn.958'; waited too long (yield), lane='sw0_ts_1', time=13402.00.
Warning: Vehicle 'flow_swn.958' ends teleporting on edge 'ts_n1', time=13402.00.
Warning: Teleporting vehicle 'flow_swn.959'; waited too long (yield), lane='sw0_ts_1', time=13416.00.
Warning: Vehicle 'flow_swn.959' ends teleporting on edge 'ts_n1', time=13416.00.
Warning: Vehicle 'flow_sew.115' performs emergency braking on lane ':ts_0_0' with decel=9.00, wished=4.50, severity=1.00, time=16575.00.
Warning: Teleporting vehicle 'flow_esw.73'; waited too long (yield), lane='e0_ts_0', time=17238.00.
Warning: Vehicle 'flow_esw.73' ends teleporting on edge 'ts_sw1', time=17238.00.
Warning: Vehicle 'flow_ew.57' performs emergency braking on lane ':ts_7_0' with decel=9.00, wished=4.50, severity=1.00, time=17822.00.
Warning: Teleporting vehicle 'flow_nsw.2276'; waited too long (yield), lane='n0_ts_2', time=20868.00.
Warning: Vehicle 'flow_nsw.2276' ends teleporting on edge 'ts_sw1', time=20868.00.
Warning: Teleporting vehicle 'flow_nsw.2277'; waited too long (yield), lane='n0_ts_3', time=20871.00.
Warning: Teleporting vehicle 'flow_swn.1514'; waited too long (yield), lane='sw0_ts_1', time=20871.00.
Warning: Vehicle 'flow_nsw.2277' ends teleporting on edge 'ts_sw1', time=20871.00.
Warning: Vehicle 'flow_swn.1514' ends teleporting on edge 'ts_n1', time=20871.00.
Warning: Vehicle 'flow_sew.148' performs emergency braking on lane ':ts_0_0' with decel=9.00, wished=4.50, severity=1.00, time=21645.00.
Warning: Vehicle 'flow_sew.149' performs emergency braking on lane ':ts_0_0' with decel=9.00, wished=4.50, severity=1.00, time=21645.00.
Warning: Vehicle 'flow_sen.226' performs emergency braking on lane ':ts_1_0' with decel=9.00, wished=4.50, severity=1.00, time=21646.00.
Warning: Vehicle 'flow_ew.75' performs emergency braking on lane ':ts_7_0' with decel=9.00, wished=4.50, severity=1.00, time=22655.00.
Warning: Teleporting vehicle 'flow_en.185'; waited too long (yield), lane='e0_ts_0', time=24598.00.
Warning: Vehicle 'flow_en.185' ends teleporting on edge 'ts_n1', time=24598.00.
Warning: Teleporting vehicle 'flow_swe.353'; waited too long (yield), lane='sw0_ts_3', time=25981.00.
Warning: Vehicle 'flow_swe.353' ends teleporting on edge 'ts_e1', time=25981.00.
Warning: Teleporting vehicle 'flow_swe.361'; waited too long (jam), lane=':ts_30_0', time=27434.00.
Warning: Vehicle 'flow_swe.361' ends teleporting on edge 'ts_e1', time=27434.00.
Warning: Teleporting vehicle 'flow_sen.279'; waited too long (yield), lane='se0_ts_1', time=27443.00.
Warning: Vehicle 'flow_sen.279' ends teleporting on edge 'ts_n1', time=27443.00.
Warning: Teleporting vehicle 'flow_sen.278'; waited too long (yield), lane='se0_ts_0', time=27444.00.
Warning: Vehicle 'flow_sen.278' ends teleporting on edge 'ts_n1', time=27444.00.
Warning: Teleporting vehicle 'flow_see.373'; waited too long (jam), lane=':ts_25_0', time=27494.00.
Warning: Vehicle 'flow_see.373' ends teleporting on edge 'ts_e1', time=27494.00.
Warning: Teleporting vehicle 'flow_we.355'; waited too long (yield), lane='w0_ts_0', time=27518.00.
Warning: Vehicle 'flow_we.355' ends teleporting on edge 'ts_e1', time=27518.00.
Warning: Teleporting vehicle 'flow_esw.118'; waited too long (jam), lane=':ts_6_0', time=27521.00.
Warning: Vehicle 'flow_esw.118' ends teleporting on edge 'ts_sw1', time=27521.00.
Warning: Teleporting vehicle 'flow_en.207'; waited too long (yield), lane='e0_ts_0', time=27522.00.
Warning: Vehicle 'flow_en.207' ends teleporting on edge 'ts_n1', time=27522.00.
Warning: Vehicle 'flow_sew.187' performs emergency braking on lane ':ts_0_0' with decel=9.00, wished=4.50, severity=1.00, time=27890.00.
Warning: Vehicle 'flow_sew.191' performs emergency braking on lane ':ts_0_0' with decel=9.00, wished=4.50, severity=1.00, time=27935.00.
Warning: Teleporting vehicle 'flow_ew.94'; waited too long (jam), lane=':ts_7_0', time=30375.00.
Warning: Vehicle 'flow_ew.94' ends teleporting on edge 'ts_w1', time=30375.00.
Warning: Teleporting vehicle 'flow_nw.1460'; waited too long (jam), lane=':ts_27_0', time=30383.00.
Warning: Vehicle 'flow_nw.1460' ends teleporting on edge 'ts_w1', time=30383.00.
Warning: Teleporting vehicle 'flow_nsw.3347'; waited too long (jam), lane=':ts_12_1', time=30415.00.
Warning: Vehicle 'flow_nsw.3347' ends teleporting on edge 'ts_sw1', time=30415.00.
Warning: Teleporting vehicle 'flow_sen.310'; waited too long (jam), lane=':ts_1_1', time=30419.00.
Warning: Vehicle 'flow_sen.310' ends teleporting on edge 'ts_n1', time=30419.00.
Warning: Teleporting vehicle 'flow_nsw.3349'; waited too long (jam), lane=':ts_12_0', time=30423.00.
Warning: Teleporting vehicle 'flow_sew.204'; waited too long (jam), lane=':ts_0_0', time=30423.00.
Warning: Vehicle 'flow_nsw.3349' ends teleporting on edge 'ts_sw1', time=30423.00.
Warning: Vehicle 'flow_sew.204' ends teleporting on edge 'ts_w1', time=30424.00.
Warning: Teleporting vehicle 'flow_sew.205'; waited too long (jam), lane=':ts_0_0', time=30425.00.
Warning: Vehicle 'flow_sew.205' ends teleporting on edge 'ts_w1', time=30427.00.
Warning: Teleporting vehicle 'flow_sen.309'; waited too long (jam), lane=':ts_1_1', time=30450.00.
Warning: Vehicle 'flow_sen.309' ends teleporting on edge 'ts_n1', time=30450.00.
Warning: Teleporting vehicle 'flow_sen.312'; waited too long (jam), lane=':ts_1_1', time=30451.00.
Warning: Vehicle 'flow_sen.312' ends teleporting on edge 'ts_n1', time=30451.00.
Warning: Teleporting vehicle 'flow_sen.313'; waited too long (yield), lane='se0_ts_0', time=30493.00.
Warning: Vehicle 'flow_sen.313' ends teleporting on edge 'ts_n1', time=30493.00.
Warning: Vehicle 'flow_sew.209' performs emergency braking on lane ':ts_0_0' with decel=9.00, wished=4.50, severity=1.00, time=30620.00.
Warning: Teleporting vehicle 'flow_esw.126'; waited too long (yield), lane='e0_ts_0', time=30714.00.
Warning: Vehicle 'flow_esw.126' ends teleporting on edge 'ts_sw1', time=30714.00.
Warning: Vehicle 'flow_sew.212' performs emergency braking on lane ':ts_0_0' with decel=9.00, wished=4.50, severity=1.00, time=30715.00.
Warning: Teleporting vehicle 'flow_en.221'; waited too long (yield), lane='e0_ts_0', time=31518.00.
Warning: Vehicle 'flow_en.221' ends teleporting on edge 'ts_n1', time=31518.00.
Warning: Vehicle 'flow_sew.228' performs emergency braking on lane ':ts_0_0' with decel=9.00, wished=4.50, severity=1.00, time=33170.00.
Warning: Vehicle 'flow_sew.231' performs emergency braking on lane ':ts_0_0' with decel=9.00, wished=4.50, severity=1.00, time=33545.00.
Warning: Teleporting vehicle 'flow_ew.114'; waited too long (yield), lane='e0_ts_0', time=35017.00.
Warning: Vehicle 'flow_ew.114' ends teleporting on edge 'ts_w1', time=35017.00.
Warning: Teleporting vehicle 'flow_ew.117'; waited too long (yield), lane='e0_ts_0', time=36471.00.
Warning: Vehicle 'flow_ew.117' ends teleporting on edge 'ts_w1', time=36471.00.
Warning: Teleporting vehicle 'flow_en.294'; waited too long (yield), lane='e0_ts_0', time=38615.00.
Warning: Vehicle 'flow_en.294' ends teleporting on edge 'ts_n1', time=38615.00.
Warning: Vehicle 'flow_sew.281' performs emergency braking on lane ':ts_0_0' with decel=9.00, wished=4.50, severity=1.00, time=40505.00.
Warning: Teleporting vehicle 'flow_sew.296'; waited too long (yield), lane='se0_ts_0', time=43608.00.
Warning: Vehicle 'flow_sew.296' ends teleporting on edge 'ts_w1', time=43608.00.
Warning: Teleporting vehicle 'flow_see.603'; waited too long (yield), lane='se0_ts_2', time=43609.00.
Warning: Vehicle 'flow_see.603' ends teleporting on edge 'ts_e1', time=43609.00.
Warning: Teleporting vehicle 'flow_sen.450'; waited too long (yield), lane='se0_ts_1', time=43610.00.
Warning: Vehicle 'flow_sen.450' ends teleporting on edge 'ts_n1', time=43610.00.
Warning: Teleporting vehicle 'flow_see.626'; waited too long (yield), lane='se0_ts_2', time=45385.00.
Warning: Vehicle 'flow_see.626' ends teleporting on edge 'ts_e1', time=45385.00.
Warning: Teleporting vehicle 'flow_sen.471'; waited too long (yield), lane='se0_ts_0', time=45437.00.
Warning: Vehicle 'flow_sen.471' ends teleporting on edge 'ts_n1', time=45437.00.
Warning: Teleporting vehicle 'flow_sen.472'; waited too long (yield), lane='se0_ts_1', time=45532.00.
Warning: Vehicle 'flow_sen.472' ends teleporting on edge 'ts_n1', time=45532.00.
Warning: Vehicle 'flow_sew.317' performs emergency braking on lane ':ts_0_0' with decel=9.00, wished=4.50, severity=1.00, time=46030.00.
Warning: Vehicle 'flow_sew.320' performs emergency braking on lane ':ts_0_0' with decel=9.00, wished=4.50, severity=1.00, time=46130.00.
Warning: Vehicle 'flow_ew.164' performs emergency braking on lane ':ts_7_0' with decel=9.00, wished=4.50, severity=1.00, time=49283.00.
Warning: Teleporting vehicle 'flow_see.713'; waited too long (yield), lane='se0_ts_2', time=51356.00.
Warning: Vehicle 'flow_see.713' ends teleporting on edge 'ts_e1', time=51356.00.
Warning: Teleporting vehicle 'flow_sew.351'; waited too long (yield), lane='se0_ts_0', time=51359.00.
Warning: Vehicle 'flow_sew.351' ends teleporting on edge 'ts_w1', time=51359.00.
Warning: Teleporting vehicle 'flow_sen.534'; waited too long (yield), lane='se0_ts_1', time=51406.00.
Warning: Vehicle 'flow_sen.534' ends teleporting on edge 'ts_n1', time=51406.00.
Warning: Teleporting vehicle 'flow_sew.363'; waited too long (yield), lane='se0_ts_0', time=53123.00.
Warning: Vehicle 'flow_sew.363' ends teleporting on edge 'ts_w1', time=53123.00.
Warning: Teleporting vehicle 'flow_sen.552'; waited too long (yield), lane='se0_ts_0', time=53124.00.
Warning: Vehicle 'flow_sen.552' ends teleporting on edge 'ts_n1', time=53124.00.
Warning: Teleporting vehicle 'flow_see.744'; waited too long (yield), lane='se0_ts_2', time=53531.00.
Warning: Vehicle 'flow_see.744' ends teleporting on edge 'ts_e1', time=53531.00.
Warning: Teleporting vehicle 'flow_sen.554'; waited too long (yield), lane='se0_ts_1', time=53927.00.
Warning: Vehicle 'flow_sen.554' ends teleporting on edge 'ts_n1', time=53927.00.
Warning: Teleporting vehicle 'flow_sen.553'; waited too long (yield), lane='se0_ts_0', time=53928.00.
Warning: Vehicle 'flow_sen.553' ends teleporting on edge 'ts_n1', time=53928.00.
Warning: Teleporting vehicle 'flow_see.745'; waited too long (yield), lane='se0_ts_2', time=54336.00.
Warning: Vehicle 'flow_see.745' ends teleporting on edge 'ts_e1', time=54336.00.
Warning: Teleporting vehicle 'flow_sen.555'; waited too long (yield), lane='se0_ts_1', time=54732.00.
Warning: Vehicle 'flow_sen.555' ends teleporting on edge 'ts_n1', time=54732.00.
Warning: Teleporting vehicle 'flow_sew.364'; waited too long (yield), lane='se0_ts_0', time=54733.00.
Warning: Vehicle 'flow_sew.364' ends teleporting on edge 'ts_w1', time=54734.00.
Warning: Teleporting vehicle 'flow_see.746'; waited too long (yield), lane='se0_ts_2', time=55141.00.
Warning: Vehicle 'flow_see.746' ends teleporting on edge 'ts_e1', time=55142.00.
Warning: Teleporting vehicle 'flow_sen.556'; waited too long (yield), lane='se0_ts_1', time=55538.00.
Warning: Vehicle 'flow_sen.556' ends teleporting on edge 'ts_n1', time=55538.00.
Warning: Teleporting vehicle 'flow_sew.365'; waited too long (yield), lane='se0_ts_0', time=55539.00.
Warning: Vehicle 'flow_sew.365' ends teleporting on edge 'ts_w1', time=55539.00.
Warning: Teleporting vehicle 'flow_see.747'; waited too long (yield), lane='se0_ts_2', time=55947.00.
Warning: Vehicle 'flow_see.747' ends teleporting on edge 'ts_e1', time=55947.00.
Warning: Teleporting vehicle 'flow_sen.557'; waited too long (yield), lane='se0_ts_1', time=56343.00.
Warning: Vehicle 'flow_sen.557' ends teleporting on edge 'ts_n1', time=56343.00.
Warning: Teleporting vehicle 'flow_sew.366'; waited too long (yield), lane='se0_ts_0', time=56344.00.
Warning: Vehicle 'flow_sew.366' ends teleporting on edge 'ts_w1', time=56344.00.
Warning: Teleporting vehicle 'flow_see.748'; waited too long (yield), lane='se0_ts_2', time=56752.00.
Warning: Vehicle 'flow_see.748' ends teleporting on edge 'ts_e1', time=56752.00.
Warning: Teleporting vehicle 'flow_sen.558'; waited too long (yield), lane='se0_ts_1', time=57149.00.
Warning: Vehicle 'flow_sen.558' ends teleporting on edge 'ts_n1', time=57149.00.
Warning: Teleporting vehicle 'flow_sew.367'; waited too long (yield), lane='se0_ts_0', time=57150.00.
Warning: Vehicle 'flow_sew.367' ends teleporting on edge 'ts_w1', time=57150.00.
Warning: Teleporting vehicle 'flow_see.749'; waited too long (yield), lane='se0_ts_2', time=57557.00.
Warning: Vehicle 'flow_see.749' ends teleporting on edge 'ts_e1', time=57557.00.
Warning: Teleporting vehicle 'flow_sen.559'; waited too long (yield), lane='se0_ts_1', time=57954.00.
Warning: Vehicle 'flow_sen.559' ends teleporting on edge 'ts_n1', time=57954.00.
Warning: Teleporting vehicle 'flow_sew.368'; waited too long (yield), lane='se0_ts_0', time=57955.00.
Warning: Vehicle 'flow_sew.368' ends teleporting on edge 'ts_w1', time=57955.00.
Warning: Teleporting vehicle 'flow_see.750'; waited too long (yield), lane='se0_ts_2', time=58361.00.
Warning: Vehicle 'flow_see.750' ends teleporting on edge 'ts_e1', time=58361.00.
Warning: Vehicle 'flow_sew.383' performs emergency braking on lane ':ts_0_0' with decel=9.00, wished=4.50, severity=1.00, time=59930.00.
Warning: Teleporting vehicle 'flow_see.777'; waited too long (yield), lane='se0_ts_2', time=60854.00.
Warning: Vehicle 'flow_see.777' ends teleporting on edge 'ts_e1', time=60854.00.
Warning: Teleporting vehicle 'flow_sen.588'; waited too long (yield), lane='se0_ts_0', time=60855.00.
Warning: Vehicle 'flow_sen.588' ends teleporting on edge 'ts_n1', time=60855.00.
Warning: Teleporting vehicle 'flow_sen.589'; waited too long (yield), lane='se0_ts_0', time=60860.00.
Warning: Vehicle 'flow_sen.589' ends teleporting on edge 'ts_n1', time=60860.00.
Warning: Teleporting vehicle 'flow_sen.590'; waited too long (jam), lane=':se0_1_0', time=60862.00.
Warning: Vehicle 'flow_sen.590' ends teleporting on edge 'se0_ts', time=60862.00.
Warning: Teleporting vehicle 'flow_see.778'; waited too long (yield), lane='se0_ts_2', time=61659.00.
Warning: Vehicle 'flow_see.778' ends teleporting on edge 'ts_e1', time=61659.00.
Warning: Teleporting vehicle 'flow_sew.387'; waited too long (yield), lane='se0_ts_0', time=61666.00.
Warning: Vehicle 'flow_sew.387' ends teleporting on edge 'ts_w1', time=61666.00.
Warning: Teleporting vehicle 'flow_sen.590'; waited too long (yield), lane='se0_ts_1', time=61667.00.
Warning: Vehicle 'flow_sen.590' ends teleporting on edge 'ts_n1', time=61667.00.
Warning: Vehicle 'flow_sew.391' performs emergency braking on lane ':ts_0_0' with decel=9.00, wished=4.50, severity=1.00, time=61820.00.
Warning: Vehicle 'flow_sew.394' performs emergency braking on lane ':ts_0_0' with decel=9.00, wished=4.50, severity=1.00, time=62510.00.
Warning: Teleporting vehicle 'flow_sen.600'; waited too long (yield), lane='se0_ts_0', time=63518.00.
Warning: Vehicle 'flow_sen.600' ends teleporting on edge 'ts_n1', time=63518.00.
Warning: Teleporting vehicle 'flow_sen.601'; waited too long (yield), lane='se0_ts_0', time=63519.00.
Warning: Vehicle 'flow_sen.601' ends teleporting on edge 'ts_n1', time=63519.00.
Warning: Teleporting vehicle 'flow_see.785'; waited too long (yield), lane='se0_ts_2', time=63538.00.
Warning: Vehicle 'flow_see.785' ends teleporting on edge 'ts_e1', time=63538.00.
Warning: Teleporting vehicle 'flow_sew.395'; waited too long (yield), lane='se0_ts_0', time=64322.00.
Warning: Vehicle 'flow_sew.395' ends teleporting on edge 'ts_w1', time=64322.00.
Warning: Teleporting vehicle 'flow_sen.602'; waited too long (yield), lane='se0_ts_0', time=64330.00.
Warning: Vehicle 'flow_sen.602' ends teleporting on edge 'ts_n1', time=64330.00.
Warning: Teleporting vehicle 'flow_sen.604'; waited too long (jam), lane=':se0_1_0', time=64332.00.
Warning: Vehicle 'flow_sen.604' ends teleporting on edge 'se0_ts', time=64332.00.
Warning: Teleporting vehicle 'flow_see.786'; waited too long (yield), lane='se0_ts_2', time=64343.00.
Warning: Vehicle 'flow_see.786' ends teleporting on edge 'ts_e1', time=64343.00.
Warning: Teleporting vehicle 'flow_sen.603'; waited too long (yield), lane='se0_ts_1', time=65128.00.
Warning: Vehicle 'flow_sen.603' ends teleporting on edge 'ts_n1', time=65128.00.
Warning: Teleporting vehicle 'flow_sew.396'; waited too long (yield), lane='se0_ts_0', time=65134.00.
Warning: Vehicle 'flow_sew.396' ends teleporting on edge 'ts_w1', time=65134.00.
Warning: Teleporting vehicle 'flow_see.787'; waited too long (yield), lane='se0_ts_2', time=65148.00.
Warning: Vehicle 'flow_see.787' ends teleporting on edge 'ts_e1', time=65148.00.
Warning: Teleporting vehicle 'flow_sesw.208'; waited too long (jam), lane='se01_se0_0', time=65950.00.
Warning: Vehicle 'flow_sesw.208' ends teleporting on edge 'se0_sw1', time=65950.00.
Warning: Teleporting vehicle 'flow_sen.604'; waited too long (yield), lane='se0_ts_1', time=66074.00.
Warning: Teleporting vehicle 'flow_sew.397'; waited too long (yield), lane='se0_ts_0', time=66074.00.
Warning: Vehicle 'flow_sew.397' ends teleporting on edge 'ts_w1', time=66074.00.
Warning: Vehicle 'flow_sen.604' ends teleporting on edge 'ts_n1', time=66074.00.
Warning: Teleporting vehicle 'flow_see.790'; waited too long (yield), lane='se0_ts_2', time=66091.00.
Warning: Vehicle 'flow_see.790' ends teleporting on edge 'ts_e1', time=66091.00.
Warning: Teleporting vehicle 'flow_see.806'; waited too long (yield), lane='se0_ts_2', time=67574.00.
Warning: Vehicle 'flow_see.806' ends teleporting on edge 'ts_e1', time=67574.00.
Warning: Teleporting vehicle 'flow_sen.619'; waited too long (yield), lane='se0_ts_0', time=67577.00.
Warning: Vehicle 'flow_sen.619' ends teleporting on edge 'ts_n1', time=67577.00.
Warning: Teleporting vehicle 'flow_sen.620'; waited too long (yield), lane='se0_ts_1', time=67583.00.
Warning: Vehicle 'flow_sen.620' ends teleporting on edge 'ts_n1', time=67583.00.
Warning: Teleporting vehicle 'flow_see.811'; waited too long (yield), lane='se0_ts_2', time=68632.00.
Warning: Vehicle 'flow_see.811' ends teleporting on edge 'ts_e1', time=68632.00.
Warning: Teleporting vehicle 'flow_sen.625'; waited too long (yield), lane='se0_ts_0', time=68635.00.
Warning: Vehicle 'flow_sen.625' ends teleporting on edge 'ts_n1', time=68635.00.
Warning: Teleporting vehicle 'flow_sen.626'; waited too long (yield), lane='se0_ts_1', time=68637.00.
Warning: Vehicle 'flow_sen.626' ends teleporting on edge 'ts_n1', time=68637.00.
Warning: Teleporting vehicle 'flow_see.812'; waited too long (yield), lane='se0_ts_2', time=69438.00.
Warning: Vehicle 'flow_see.812' ends teleporting on edge 'ts_e1', time=69438.00.
Warning: Teleporting vehicle 'flow_sew.412'; waited too long (yield), lane='se0_ts_0', time=69440.00.
Warning: Vehicle 'flow_sew.412' ends teleporting on edge 'ts_w1', time=69440.00.
Warning: Teleporting vehicle 'flow_sen.627'; waited too long (yield), lane='se0_ts_1', time=69442.00.
Warning: Vehicle 'flow_sen.627' ends teleporting on edge 'ts_n1', time=69442.00.
Warning: Teleporting vehicle 'flow_see.828'; waited too long (yield), lane='se0_ts_2', time=70608.00.
Warning: Vehicle 'flow_see.828' ends teleporting on edge 'ts_e1', time=70608.00.
Warning: Teleporting vehicle 'flow_sen.640'; waited too long (yield), lane='se0_ts_0', time=70611.00.
Warning: Vehicle 'flow_sen.640' ends teleporting on edge 'ts_n1', time=70611.00.
Warning: Teleporting vehicle 'flow_sen.641'; waited too long (yield), lane='se0_ts_0', time=70613.00.
Warning: Vehicle 'flow_sen.641' ends teleporting on edge 'ts_n1', time=70613.00.
Warning: Vehicle 'flow_sew.428' performs emergency braking on lane ':ts_0_0' with decel=9.00, wished=4.50, severity=1.00, time=72385.00.
Warning: Vehicle 'flow_ew.244' performs emergency braking on lane ':ts_7_0' with decel=9.00, wished=4.50, severity=1.00, time=73255.00.
Warning: Vehicle 'flow_sew.457' performs emergency braking on lane ':ts_0_0' with decel=9.00, wished=4.50, severity=1.00, time=75260.00.
Warning: Vehicle 'flow_swe.2218' performs emergency braking on lane ':ts_30_0' with decel=9.00, wished=4.50, severity=1.00, time=77157.00.
Warning: Vehicle 'flow_sew.523' performs emergency braking on lane ':ts_0_0' with decel=9.00, wished=4.50, severity=1.00, time=78655.00.
Warning: Vehicle 'flow_sew.526' performs emergency braking on lane ':ts_0_0' with decel=9.00, wished=4.50, severity=1.00, time=78780.00.
Warning: Vehicle 'flow_sew.546' performs emergency braking on lane ':ts_0_0' with decel=9.00, wished=4.50, severity=1.00, time=79318.00.
Warning: Vehicle 'flow_sew.557' performs emergency braking on lane 'se0_ts_0' with decel=9.00, wished=4.50, severity=1.00, time=80220.00.
Warning: Vehicle 'flow_sew.557' performs emergency braking on lane ':ts_0_0' with decel=9.00, wished=4.50, severity=1.00, time=80223.00.
Warning: Vehicle 'flow_sew.580' performs emergency braking on lane ':ts_0_0' with decel=9.00, wished=4.50, severity=1.00, time=83535.00.
Warning: Vehicle 'flow_nne.3696' performs emergency braking on lane ':ts_9_0' with decel=9.00, wished=4.50, severity=1.00, time=91783.00.
Warning: Vehicle 'flow_swe.2889' performs emergency braking on lane ':ts_30_0' with decel=9.00, wished=4.50, severity=1.00, time=94431.00.
Warning: Vehicle 'flow_swe.2980' performs emergency braking on lane ':ts_30_0' with decel=9.00, wished=4.50, severity=1.00, time=96586.00.
Warning: Vehicle 'flow_swe.2993' performs emergency braking on lane ':ts_30_0' with decel=9.00, wished=4.50, severity=1.00, time=96991.00.
Warning: Vehicle 'flow_ew.328' performs emergency braking on lane ':ts_7_0' with decel=9.00, wished=4.50, severity=1.00, time=98431.00.
Warning: Vehicle 'flow_esw.448' performs emergency braking on lane ':ts_6_0' with decel=9.00, wished=4.50, severity=1.00, time=100898.00.
Warning: Vehicle 'flow_swe.3567' performs emergency braking on lane ':ts_30_0' with decel=9.00, wished=4.50, severity=1.00, time=111341.00.
Warning: Vehicle 'flow_ew.385' performs emergency braking on lane ':ts_7_0' with decel=9.00, wished=4.50, severity=1.00, time=115598.00.
Warning: Vehicle 'flow_sew.835' performs emergency braking on lane ':ts_0_0' with decel=9.00, wished=4.50, severity=1.00, time=120285.00.
Warning: Vehicle 'flow_nse.9875' performs emergency braking on lane ':ts_10_1' with decel=9.00, wished=4.50, severity=1.00, time=120990.00.
Warning: Vehicle 'flow_ew.404' performs emergency braking on lane ':ts_7_0' with decel=9.00, wished=4.50, severity=1.00, time=121223.00.
Warning: Vehicle 'flow_swe.4446' performs emergency braking on lane ':ts_30_0' with decel=9.00, wished=4.50, severity=1.00, time=138035.00.
Warning: Teleporting vehicle 'flow_see.1962'; waited too long (yield), lane=':ts_4_0', time=139517.00.
Warning: Vehicle 'flow_see.1962' ends teleporting on edge 'ts_e1', time=139517.00.
Warning: Teleporting vehicle 'flow_sen.1464'; waited too long (jam), lane=':ts_1_1', time=139521.00.
Warning: Vehicle 'flow_sen.1464' ends teleporting on edge 'ts_n1', time=139521.00.
Warning: Teleporting vehicle 'flow_esw.616'; waited too long (jam), lane=':ts_6_0', time=139530.00.
Warning: Vehicle 'flow_esw.616' ends teleporting on edge 'ts_sw1', time=139530.00.
Warning: Teleporting vehicle 'flow_nsw.16789'; waited too long (jam), lane=':ts_12_0', time=139538.00.
Warning: Vehicle 'flow_nsw.16789' ends teleporting on edge 'ts_sw1', time=139538.00.
